Using pre-set license
Built from '2021.1/release' branch; Version is '2021.1.10f1 (b15f561b2cef) revision 11624278'; Using compiler version '192528614'; Build Type 'Release'
OS: 'Windows 10 Home; OS build 22621.1555; Version 2009; 64bit' Language: 'en' Physical Memory: 10101 MB
BatchMode: 1, IsHumanControllingUs: 0, StartBugReporterOnCrash: 0, Is64bit: 1, IsPro: 0

 COMMAND LINE ARGUMENTS:
C:\Program Files\Unity\Hub\Editor\2021.1.10f1\Editor\Unity.exe
-adb2
-batchMode
-noUpm
-name
AssetImportWorker1
-projectPath
C:/Users/willo/Settlers
-logFile
Logs/AssetImportWorker1.log
-srvPort
49813
Successfully changed project path to: C:/Users/willo/Settlers
C:/Users/willo/Settlers
Using Asset Import Pipeline V2.
Refreshing native plugins compatible for Editor in 136.66 ms, found 4 plugins.
Preloading 0 native plugins for Editor in 0.00 ms.
Initialize engine version: 2021.1.10f1 (b15f561b2cef)
[Subsystems] Discovering subsystems at path C:/Program Files/Unity/Hub/Editor/2021.1.10f1/Editor/Data/Resources/UnitySubsystems
[Subsystems] Discovering subsystems at path C:/Users/willo/Settlers/Assets
GfxDevice: creating device client; threaded=0; jobified=0
Direct3D:
    Version:  Direct3D 11.0 [level 11.1]
    Renderer: AMD Radeon(TM) Graphics (ID=0x164c)
    Vendor:   ATI
    VRAM:     5050 MB
    Driver:   30.0.14052.9003
Initialize mono
Mono path[0] = 'C:/Program Files/Unity/Hub/Editor/2021.1.10f1/Editor/Data/Managed'
Mono path[1] = 'C:/Program Files/Unity/Hub/Editor/2021.1.10f1/Editor/Data/MonoBleedingEdge/lib/mono/unityjit'
Mono config path = 'C:/Program Files/Unity/Hub/Editor/2021.1.10f1/Editor/Data/MonoBleedingEdge/etc'
Using monoOptions --debugger-agent=transport=dt_socket,embedding=1,server=y,suspend=n,address=127.0.0.1:56088
Begin MonoManager ReloadAssembly
Registering precompiled unity dll's ...
Register platform support module: C:/Program Files/Unity/Hub/Editor/2021.1.10f1/Editor/Data/PlaybackEngines/WindowsStandaloneSupport/UnityEditor.WindowsStandalone.Extensions.dll
Registered in 0.001552 seconds.
Native extension for WindowsStandalone target not found
Refreshing native plugins compatible for Editor in 138.30 ms, found 4 plugins.
Preloading 0 native plugins for Editor in 0.00 ms.
Mono: successfully reloaded assembly
- Completed reload, in  1.638 seconds
Domain Reload Profiling:
	ReloadAssembly (1638ms)
		BeginReloadAssembly (68ms)
			ExecutionOrderSort (0ms)
			DisableScriptedObjects (0ms)
			BackupInstance (0ms)
			ReleaseScriptingObjects (0ms)
			CreateAndSetChildDomain (1ms)
		EndReloadAssembly (638ms)
			LoadAssemblies (65ms)
			RebuildTransferFunctionScriptingTraits (0ms)
			SetupTypeCache (197ms)
			ReleaseScriptCaches (0ms)
			RebuildScriptCaches (45ms)
			SetupLoadedEditorAssemblies (334ms)
				LogAssemblyErrors (0ms)
				InitializePlatformSupportModulesInManaged (9ms)
				SetLoadedEditorAssemblies (0ms)
				RefreshPlugins (138ms)
				BeforeProcessingInitializeOnLoad (1ms)
				ProcessInitializeOnLoadAttributes (147ms)
				ProcessInitializeOnLoadMethodAttributes (38ms)
				AfterProcessingInitializeOnLoad (0ms)
				EditorAssembliesLoaded (0ms)
			ExecutionOrderSort2 (0ms)
			AwakeInstancesAfterBackupRestoration (0ms)
Platform modules already initialized, skipping
Registering precompiled user dll's ...
Registered in 0.007237 seconds.
Begin MonoManager ReloadAssembly
Symbol file LoadedFromMemory doesn't match image C:\Users\willo\Settlers\Library\PackageCache\com.unity.visualscripting@1.6.1\Editor\VisualScripting.Core\Dependencies\YamlDotNet\Unity.VisualScripting.YamlDotNet.dll
Symbol file LoadedFromMemory doesn't match image C:\Users\willo\Settlers\Library\PackageCache\com.unity.visualscripting@1.6.1\Editor\VisualScripting.Core\Dependencies\DotNetZip\Unity.VisualScripting.IonicZip.dll
Native extension for WindowsStandalone target not found
Refreshing native plugins compatible for Editor in 129.94 ms, found 4 plugins.
Preloading 0 native plugins for Editor in 0.00 ms.
Mono: successfully reloaded assembly
- Completed reload, in  5.744 seconds
Domain Reload Profiling:
	ReloadAssembly (5744ms)
		BeginReloadAssembly (190ms)
			ExecutionOrderSort (0ms)
			DisableScriptedObjects (5ms)
			BackupInstance (0ms)
			ReleaseScriptingObjects (0ms)
			CreateAndSetChildDomain (27ms)
		EndReloadAssembly (5485ms)
			LoadAssemblies (4181ms)
			RebuildTransferFunctionScriptingTraits (0ms)
			SetupTypeCache (519ms)
			ReleaseScriptCaches (1ms)
			RebuildScriptCaches (71ms)
			SetupLoadedEditorAssemblies (581ms)
				LogAssemblyErrors (0ms)
				InitializePlatformSupportModulesInManaged (5ms)
				SetLoadedEditorAssemblies (0ms)
				RefreshPlugins (130ms)
				BeforeProcessingInitializeOnLoad (103ms)
				ProcessInitializeOnLoadAttributes (315ms)
				ProcessInitializeOnLoadMethodAttributes (20ms)
				AfterProcessingInitializeOnLoad (6ms)
				EditorAssembliesLoaded (0ms)
			ExecutionOrderSort2 (0ms)
			AwakeInstancesAfterBackupRestoration (8ms)
Platform modules already initialized, skipping
========================================================================
Worker process is ready to serve import requests
Launched and connected shader compiler UnityShaderCompiler.exe after 0.10 seconds
Refreshing native plugins compatible for Editor in 0.85 ms, found 4 plugins.
Preloading 0 native plugins for Editor in 0.00 ms.
Unloading 3682 Unused Serialized files (Serialized files now loaded: 0)
System memory in use before: 136.7 MB.
System memory in use after: 136.8 MB.

Unloading 36 unused Assets to reduce memory usage. Loaded Objects now: 4129.
Total: 4.343600 ms (FindLiveObjects: 0.489200 ms CreateObjectMapping: 0.415700 ms MarkObjects: 3.287400 ms  DeleteObjects: 0.148500 ms)

AssetImportParameters requested are different than current active one (requested -> active):
  custom:framework-win-MediaFoundation: 216162199b28c13a410421893ffa2e32 -> 
  custom:video-decoder-ogg-theora: a1e56fd34408186e4bbccfd4996cb3dc -> 
  custom:container-muxer-webm: aa71ff27fc2769a1b78a27578f13a17b -> 
  custom:container-demuxer-webm: 4f35f7cbe854078d1ac9338744f61a02 -> 
  custom:container-demuxer-ogg: 62fdf1f143b41e24485cea50d1cbac27 -> 
  custom:video-encoder-webm-vp8: eb34c28f22e8b96e1ab97ce403110664 -> 
  custom:video-codec-MediaFoundation-h265: 746d11721c4dcdbdad8f713fa42b33f4 -> 
  custom:video-decoder-webm-vp8: 9c59270c3fd7afecdb556c50c9e8de78 -> 
  custom:audio-decoder-ogg-vorbis: bf7c407c2cedff20999df2af8eb42d56 -> 
  custom:audio-encoder-webm-vorbis: bf7c407c2cedff20999df2af8eb42d56 -> 
========================================================================
Received Import Request.
  path: Assets/Sprites/wool.jpg
  artifactKey: Guid(d03a16dc3defd8f408829b6816667254) Importer(815301076,1909f56bfc062723c751e8b465ee728b)
Start importing Assets/Sprites/wool.jpg using Guid(d03a16dc3defd8f408829b6816667254) Importer(815301076,1909f56bfc062723c751e8b465ee728b)  -> (artifact id: '9ade0fa0d0410ce6154d79598be12649') in 0.147724 seconds 
========================================================================
Received Import Request.
  Time since last request: 0.000524 seconds.
  path: Assets/Sprites/corn.jpg
  artifactKey: Guid(a65fc184d288a3145a5d3a7565190e1c) Importer(815301076,1909f56bfc062723c751e8b465ee728b)
Start importing Assets/Sprites/corn.jpg using Guid(a65fc184d288a3145a5d3a7565190e1c) Importer(815301076,1909f56bfc062723c751e8b465ee728b)  -> (artifact id: '0e95fa9ea033fbb56abcf9230a86d49e') in 0.025306 seconds 
========================================================================
Received Import Request.
  Time since last request: 0.000390 seconds.
  path: Assets/Sprites/ore.jpg
  artifactKey: Guid(46ae4f0beb6324e45b2401e7e4bcf41b) Importer(815301076,1909f56bfc062723c751e8b465ee728b)
Start importing Assets/Sprites/ore.jpg using Guid(46ae4f0beb6324e45b2401e7e4bcf41b) Importer(815301076,1909f56bfc062723c751e8b465ee728b)  -> (artifact id: '0ff0d51050ef89d78bfd5fe07a75dfaa') in 0.023492 seconds 
========================================================================
Received Import Request.
  Time since last request: 0.000426 seconds.
  path: Assets/Sprites/lumber.jpg
  artifactKey: Guid(dcef4387d4ebced488de2b5652d843ba) Importer(815301076,1909f56bfc062723c751e8b465ee728b)
Start importing Assets/Sprites/lumber.jpg using Guid(dcef4387d4ebced488de2b5652d843ba) Importer(815301076,1909f56bfc062723c751e8b465ee728b)  -> (artifact id: 'c8b338eb9af067f5dd7730c1fbc342b5') in 0.020732 seconds 
========================================================================
Received Import Request.
  Time since last request: 0.000350 seconds.
  path: Assets/Sprites/brick(1).jpg
  artifactKey: Guid(d95213dccd00d8e458c2f6625c9b3ea9) Importer(815301076,1909f56bfc062723c751e8b465ee728b)
Start importing Assets/Sprites/brick(1).jpg using Guid(d95213dccd00d8e458c2f6625c9b3ea9) Importer(815301076,1909f56bfc062723c751e8b465ee728b)  -> (artifact id: 'def43382ef604b77ec72db4b09427b53') in 0.021913 seconds 
========================================================================
Received Import Request.
  Time since last request: 95.152867 seconds.
  path: Assets/Sprites/Resources
  artifactKey: Guid(02428a39aeefadb46ab47494c8aa53c2) Importer(815301076,1909f56bfc062723c751e8b465ee728b)
Start importing Assets/Sprites/Resources using Guid(02428a39aeefadb46ab47494c8aa53c2) Importer(815301076,1909f56bfc062723c751e8b465ee728b)  -> (artifact id: '3ebac6c827ef26247ba2cd03540784d8') in 0.017015 seconds 
========================================================================
Received Import Request.
  Time since last request: 24.628081 seconds.
  path: Assets/Sprites/Resources/brick.jpg
  artifactKey: Guid(d95213dccd00d8e458c2f6625c9b3ea9) Importer(815301076,1909f56bfc062723c751e8b465ee728b)
Start importing Assets/Sprites/Resources/brick.jpg using Guid(d95213dccd00d8e458c2f6625c9b3ea9) Importer(815301076,1909f56bfc062723c751e8b465ee728b)  -> (artifact id: '73282fa6482625a02c7195cc11e4ec17') in 0.034547 seconds 
========================================================================
Received Import Request.
  Time since last request: 3368.806322 seconds.
  path: Assets/Sprites/Resources/brick.jpg
  artifactKey: Guid(d95213dccd00d8e458c2f6625c9b3ea9) Importer(815301076,1909f56bfc062723c751e8b465ee728b)
Start importing Assets/Sprites/Resources/brick.jpg using Guid(d95213dccd00d8e458c2f6625c9b3ea9) Importer(815301076,1909f56bfc062723c751e8b465ee728b)  -> (artifact id: 'fdafde624018872f0f78a3ae87408c58') in 0.090133 seconds 
========================================================================
Received Import Request.
  Time since last request: 0.000371 seconds.
  path: Assets/Sprites/Resources/wool.jpg
  artifactKey: Guid(d03a16dc3defd8f408829b6816667254) Importer(815301076,1909f56bfc062723c751e8b465ee728b)
Start importing Assets/Sprites/Resources/wool.jpg using Guid(d03a16dc3defd8f408829b6816667254) Importer(815301076,1909f56bfc062723c751e8b465ee728b)  -> (artifact id: '5b3241a634b71c94c8c8d026c2499c29') in 0.019767 seconds 
========================================================================
Received Import Request.
  Time since last request: 0.000386 seconds.
  path: Assets/Sprites/Resources/corn.jpg
  artifactKey: Guid(a65fc184d288a3145a5d3a7565190e1c) Importer(815301076,1909f56bfc062723c751e8b465ee728b)
Start importing Assets/Sprites/Resources/corn.jpg using Guid(a65fc184d288a3145a5d3a7565190e1c) Importer(815301076,1909f56bfc062723c751e8b465ee728b)  -> (artifact id: 'ef98b8417fd8beed2049ea20c80bf608') in 0.022824 seconds 
========================================================================
Received Import Request.
  Time since last request: 0.000429 seconds.
  path: Assets/Sprites/Resources/ore.jpg
  artifactKey: Guid(46ae4f0beb6324e45b2401e7e4bcf41b) Importer(815301076,1909f56bfc062723c751e8b465ee728b)
Start importing Assets/Sprites/Resources/ore.jpg using Guid(46ae4f0beb6324e45b2401e7e4bcf41b) Importer(815301076,1909f56bfc062723c751e8b465ee728b)  -> (artifact id: '1d2c569029a9e655dc43735e0313571d') in 0.030031 seconds 
========================================================================
Received Import Request.
  Time since last request: 0.000467 seconds.
  path: Assets/Sprites/Resources/lumber.jpg
  artifactKey: Guid(dcef4387d4ebced488de2b5652d843ba) Importer(815301076,1909f56bfc062723c751e8b465ee728b)
Start importing Assets/Sprites/Resources/lumber.jpg using Guid(dcef4387d4ebced488de2b5652d843ba) Importer(815301076,1909f56bfc062723c751e8b465ee728b)  -> (artifact id: '0728be79b242d60184e7bb4af3c2173f') in 0.030502 seconds 
========================================================================
Received Import Request.
  Time since last request: 142.793422 seconds.
  path: Assets/Sprites/Resources/grain.jpg
  artifactKey: Guid(a65fc184d288a3145a5d3a7565190e1c) Importer(815301076,1909f56bfc062723c751e8b465ee728b)
Start importing Assets/Sprites/Resources/grain.jpg using Guid(a65fc184d288a3145a5d3a7565190e1c) Importer(815301076,1909f56bfc062723c751e8b465ee728b)  -> (artifact id: '43588fc64c6f5fb2a134ecb6cf999534') in 0.022978 seconds 
AssetImportWorkerClient::OnTransportError - code=2 error=End of file
